<?xml version="1.0" encoding="UTF-8"?>
<!-- Generated by org.testng.reporters.JUnitReportReporter -->
<testsuite skipped="0" hostname="LAPTOP-01TN7J6A" name="com.cucumber.testRunner.TestRunner" tests="1" failures="0" timestamp="28 Feb 2021 19:03:46 GMT" time="402.459" errors="0">
  <testcase name="feature" time="402.459" classname="com.cucumber.testRunner.TestRunner"/>
</testsuite> <!-- com.cucumber.testRunner.TestRunner -->
